<?xml version="1.0" encoding="utf-8"?><testsuites name="pytest tests"><testsuite name="pytest" errors="0" failures="0" skipped="0" tests="20" time="2.320" timestamp="2026-03-07T08:14:24.189366+00:00" hostname="agent-env-189737b3-b297-45a7-b1e3-bf23ab79b39e"><testcase classname="backend.tests.test_four_fixes.TestFix1DropdownOptions" name="test_filters_endpoint_returns_managers" time="0.147" /><testcase classname="backend.tests.test_four_fixes.TestFix1DropdownOptions" name="test_filters_endpoint_returns_owners" time="0.117" /><testcase classname="backend.tests.test_four_fixes.TestFix1DropdownOptions" name="test_manager_filter_count_matches" time="0.097" /><testcase classname="backend.tests.test_four_fixes.TestFix1DropdownOptions" name="test_owner_filter_count_matches" time="0.103" /><testcase classname="backend.tests.test_four_fixes.TestFix2StatusLabels" name="test_jobs_have_valid_status_format" time="0.108" /><testcase classname="backend.tests.test_four_fixes.TestFix2StatusLabels" name="test_pending_status_exists" time="0.107" /><testcase classname="backend.tests.test_four_fixes.TestFix2StatusLabels" name="test_in_progress_status_snake_case" time="0.113" /><testcase classname="backend.tests.test_four_fixes.TestFix2StatusLabels" name="test_acknowledged_status_exists" time="0.110" /><testcase classname="backend.tests.test_four_fixes.TestFix3VesselServiceMapping" name="test_bulk_carriers_no_navcom" time="0.147" /><testcase classname="backend.tests.test_four_fixes.TestFix3VesselServiceMapping" name="test_roro_no_navcom" time="0.107" /><testcase classname="backend.tests.test_four_fixes.TestFix3VesselServiceMapping" name="test_tankers_have_ffa_lsa" time="0.107" /><testcase classname="backend.tests.test_four_fixes.TestFix3VesselServiceMapping" name="test_all_vessels_have_valid_services" time="0.112" /><testcase classname="backend.tests.test_four_fixes.TestFix4OwnerManagerDistinct" name="test_owner_manager_always_different" time="0.113" /><testcase classname="backend.tests.test_four_fixes.TestFix4OwnerManagerDistinct" name="test_vessels_have_owner_field" time="0.104" /><testcase classname="backend.tests.test_four_fixes.TestFix4OwnerManagerDistinct" name="test_vessels_have_manager_field" time="0.102" /><testcase classname="backend.tests.test_four_fixes.TestFix4OwnerManagerDistinct" name="test_jobs_owner_manager_distinct" time="0.098" /><testcase classname="backend.tests.test_four_fixes.TestAdditionalAPIChecks" name="test_api_root" time="0.098" /><testcase classname="backend.tests.test_four_fixes.TestAdditionalAPIChecks" name="test_ports_endpoint" time="0.103" /><testcase classname="backend.tests.test_four_fixes.TestAdditionalAPIChecks" name="test_sales_stats_endpoint" time="0.107" /><testcase classname="backend.tests.test_four_fixes.TestAdditionalAPIChecks" name="test_ops_stats_endpoint" time="0.109" /></testsuite></testsuites>